<?xml version="1.0" encoding="UTF-8"?>
<testsuite xmlns:xsi="http://www.w3.org/2001/XMLSchema-instance" xsi:noNamespaceSchemaLocation="https://maven.apache.org/surefire/maven-surefire-plugin/xsd/surefire-test-report-3.0.xsd" version="3.0" name="TestSuite" time="6.773" tests="3" errors="0" skipped="0" failures="3">
  <properties>
[...]
</properties>
  <testcase name="runScenario[&quot;Add one quantity from Store&quot;, &quot;Optional[Add to cart]&quot;](1)" classname="awesomecucumber.runners.MyTestNGRunnerTest" time="3.947">
    <failure message="unknown error: net::ERR_NAME_NOT_RESOLVED&#10;  (Session info: chrome=108.0.5359.125)&#10;Build info: version: &apos;4.0.0-rc-2&apos;, revision: &apos;8d1e4aa5ae&apos;&#10;System info: host: &apos;DESKTOP-CLJO024&apos;, ip: &apos;192.168.1.7&apos;, os.name: &apos;Windows 11&apos;, os.arch: &apos;amd64&apos;, os.version: &apos;10.0&apos;, java.version: &apos;17.0.5&apos;&#10;Driver info: org.openqa.selenium.chrome.ChromeDriver&#10;Command: [ba1a521068598ad21ddfed81bf040919, get {url=https://prod.askomdch.com/store}]&#10;Capabilities {acceptInsecureCerts: false, browserName: chrome, browserVersion: 108.0.5359.125, chrome: {chromedriverVersion: 108.0.5359.71 (1e0e3868ee06..., userDataDir: C:\Users\kumbh\AppData\Loca...}, goog:chromeOptions: {debuggerAddress: localhost:62035}, javascriptEnabled: true, networkConnectionEnabled: false, pageLoadStrategy: normal, platform: WINDOWS, platformName: WINDOWS, proxy: Proxy(), se:cdp: ws://localhost:62035/devtoo..., se:cdpVersion: 108.0.5359.125, setWindowRect: true, strictFileInteractability: false, timeouts: {implicit: 0, pageLoad: 300000, script: 30000}, unhandledPromptBehavior: dismiss and notify, webauthn:extension:credBlob: true, webauthn:extension:largeBlob: true, webauthn:virtualAuthenticators: true}&#10;Session ID: ba1a521068598ad21ddfed81bf040919" type="org.openqa.selenium.WebDriverException"><![CDATA[org.openqa.selenium.WebDriverException: 
unknown error: net::ERR_NAME_NOT_RESOLVED
  (Session info: chrome=108.0.5359.125)
Build info: version: '4.0.0-rc-2', revision: '8d1e4aa5ae'
System info: host: 'DESKTOP-CLJO024', ip: '192.168.1.7', os.name: 'Windows 11', os.arch: 'amd64', os.version: '10.0', java.version: '17.0.5'
Driver info: org.openqa.selenium.chrome.ChromeDriver
Command: [ba1a521068598ad21ddfed81bf040919, get {url=https://prod.askomdch.com/store}]
Capabilities {acceptInsecureCerts: false, browserName: chrome, browserVersion: 108.0.5359.125, chrome: {chromedriverVersion: 108.0.5359.71 (1e0e3868ee06..., userDataDir: C:\Users\kumbh\AppData\Loca...}, goog:chromeOptions: {debuggerAddress: localhost:62035}, javascriptEnabled: true, networkConnectionEnabled: false, pageLoadStrategy: normal, platform: WINDOWS, platformName: WINDOWS, proxy: Proxy(), se:cdp: ws://localhost:62035/devtoo..., se:cdpVersion: 108.0.5359.125, setWindowRect: true, strictFileInteractability: false, timeouts: {implicit: 0, pageLoad: 300000, script: 30000}, unhandledPromptBehavior: dismiss and notify, webauthn:extension:credBlob: true, webauthn:extension:largeBlob: true, webauthn:virtualAuthenticators: true}
Session ID: ba1a521068598ad21ddfed81bf040919
]]></failure>
    <system-out><![CDATA[BEFORE: THREAD ID : 19,SCENARIO NAME: Add one quantity from Store
BEFORE: THREAD ID : 20,SCENARIO NAME: using default payment option
BEFORE: THREAD ID : 18,SCENARIO NAME: Add one quantity from Store
AFTER: THREAD ID : 18,SCENARIO NAME: Add one quantity from Store
AFTER: THREAD ID : 19,SCENARIO NAME: Add one quantity from Store
AFTER: THREAD ID : 20,SCENARIO NAME: using default payment option
]]></system-out>
    <system-err><![CDATA[SLF4J: Failed to load class "org.slf4j.impl.StaticLoggerBinder".
SLF4J: Defaulting to no-operation (NOP) logger implementation
SLF4J: See http://www.slf4j.org/codes.html#StaticLoggerBinder for further details.
SSStttaarrattriitnniggn  gCC hhCrrhomoremoDermDreiiDvrveeirrv  1e10r08 8.1.00.0.5835.53905..9751.3 7(5119e0. e7(3181 6e8(e01eee03068ee693188ad6e86ee36e0a06867ee4994112aa0dde663363caa68a378a47e443247025e036eac3cac-3raae3ef3as7e/35b67raa5nc6cahc---hrreeeaffdsss///b5br3ra5na9cn@hc{-#hh1-e0ha1ed6as}d/)s5 /3o55n 93p@5o{9r#t@1 0{21#6610}4)031 6
oO}nn )lp yo orlnto  cp5a1ol5r 8ct1o n
6nO2en5c0lty7i ol
noOsnc alayrl e l coaoclnlanolewcetdi .onc
soP lnaernaseee c staeileol nhotswte pdas.r:e/
 /Pacllhlreoawosmeeedd .rsie
vePe rlh.etcathspreso m:si/eue/m c.hohtrrtgop/msse:ed/cr/uicrvehirrt.oycm-hecrdoronismviiedurem.r.caohtrrigo/omnssie ucfmuo.rorir tgsy/u-sgcegocenussrititidyoe-nrcasto inosnoi ndkeser eafptoiiro nngs suCg hfgoerrso tmsieoungDsgre iovsntie ork nesesap fioenn.g  
CkehreopmienDgr iChvreorm esDarfiev.er
 safe.
CCChhhrrrooommemeDeDrDrirvievirev rew raw saw sass  sstatratartrteteded d s usscuuccceccseesssfssuffluulllyllyy...


Dec 29, 2022 5:24:12 PM org.openqa.selenium.remote.ProtocolHandshake createSession
INFO: Detected dialect: W3C
Dec 29, 2022 5:24:12 PM org.openqa.selenium.remote.ProtocolHandshake createSession
INFO: Detected dialect: W3C
Dec 29, 2022 5:24:12 PM org.openqa.selenium.remote.ProtocolHandshake createSession
INFO: Detected dialect: W3C
Dec 29, 2022 5:24:12 PM org.openqa.selenium.devtools.CdpVersionFinder findNearestMatch
WARNING: Unable to find an exact match for CDP version 108, so returning the closest version found: a no-op implementation
Dec 29, 2022 5:24:12 PM org.openqa.selenium.devtools.CdpVersionFinder findNearestMatch
WARNING: Unable to find an exact match for CDP version 108, so returning the closest version found: a no-op implementation
Dec 29, 2022 5:24:12 PM org.openqa.selenium.devtools.CdpVersionFinder findNearestMatch
WARNING: Unable to find an exact match for CDP version 108, so returning the closest version found: a no-op implementation
Dec 29, 2022 5:24:12 PM org.openqa.selenium.devtools.CdpVersionFinder findNearestMatch
INFO: Unable to find CDP implementation matching 108.
Dec 29, 2022 5:24:12 PM org.openqa.selenium.devtools.CdpVersionFinder findNearestMatch
INFO: Unable to find CDP implementation matching 108.
Dec 29, 2022 5:24:12 PM org.openqa.selenium.chromium.ChromiumDriver lambda$new$3
WARNING: Unable to find version of CDP to use for . You may need to include a dependency on a specific version of the CDP using something similar to `org.seleniumhq.selenium:selenium-devtools-v86:4.0.0-rc-2` where the version ("v86") matches the version of the chromium-based browser you're using and the version number of the artifact is the same as Selenium's.
Dec 29, 2022 5:24:12 PM org.openqa.selenium.devtools.CdpVersionFinder findNearestMatch
INFO: Unable to find CDP implementation matching 108.
Dec 29, 2022 5:24:12 PM org.openqa.selenium.chromium.ChromiumDriver lambda$new$3
WARNING: Unable to find version of CDP to use for . You may need to include a dependency on a specific version of the CDP using something similar to `org.seleniumhq.selenium:selenium-devtools-v86:4.0.0-rc-2` where the version ("v86") matches the version of the chromium-based browser you're using and the version number of the artifact is the same as Selenium's.
Dec 29, 2022 5:24:12 PM org.openqa.selenium.chromium.ChromiumDriver lambda$new$3
WARNING: Unable to find version of CDP to use for . You may need to include a dependency on a specific version of the CDP using something similar to `org.seleniumhq.selenium:selenium-devtools-v86:4.0.0-rc-2` where the version ("v86") matches the version of the chromium-based browser you're using and the version number of the artifact is the same as Selenium's.
]]></system-err>
  </testcase>
  <testcase name="runScenario[&quot;using default payment option&quot;, &quot;Optional[Place an order]&quot;](2)" classname="awesomecucumber.runners.MyTestNGRunnerTest" time="4">
    <failure message="unknown error: net::ERR_NAME_NOT_RESOLVED&#10;  (Session info: chrome=108.0.5359.125)&#10;Build info: version: &apos;4.0.0-rc-2&apos;, revision: &apos;8d1e4aa5ae&apos;&#10;System info: host: &apos;DESKTOP-CLJO024&apos;, ip: &apos;192.168.1.7&apos;, os.name: &apos;Windows 11&apos;, os.arch: &apos;amd64&apos;, os.version: &apos;10.0&apos;, java.version: &apos;17.0.5&apos;&#10;Driver info: org.openqa.selenium.chrome.ChromeDriver&#10;Command: [ffb0e6d372be03c0ca8ed3384e94a407, get {url=https://prod.askomdch.com/store}]&#10;Capabilities {acceptInsecureCerts: false, browserName: chrome, browserVersion: 108.0.5359.125, chrome: {chromedriverVersion: 108.0.5359.71 (1e0e3868ee06..., userDataDir: C:\Users\kumbh\AppData\Loca...}, goog:chromeOptions: {debuggerAddress: localhost:62037}, javascriptEnabled: true, networkConnectionEnabled: false, pageLoadStrategy: normal, platform: WINDOWS, platformName: WINDOWS, proxy: Proxy(), se:cdp: ws://localhost:62037/devtoo..., se:cdpVersion: 108.0.5359.125, setWindowRect: true, strictFileInteractability: false, timeouts: {implicit: 0, pageLoad: 300000, script: 30000}, unhandledPromptBehavior: dismiss and notify, webauthn:extension:credBlob: true, webauthn:extension:largeBlob: true, webauthn:virtualAuthenticators: true}&#10;Session ID: ffb0e6d372be03c0ca8ed3384e94a407" type="org.openqa.selenium.WebDriverException"><![CDATA[org.openqa.selenium.WebDriverException: 
unknown error: net::ERR_NAME_NOT_RESOLVED
  (Session info: chrome=108.0.5359.125)
Build info: version: '4.0.0-rc-2', revision: '8d1e4aa5ae'
System info: host: 'DESKTOP-CLJO024', ip: '192.168.1.7', os.name: 'Windows 11', os.arch: 'amd64', os.version: '10.0', java.version: '17.0.5'
Driver info: org.openqa.selenium.chrome.ChromeDriver
Command: [ffb0e6d372be03c0ca8ed3384e94a407, get {url=https://prod.askomdch.com/store}]
Capabilities {acceptInsecureCerts: false, browserName: chrome, browserVersion: 108.0.5359.125, chrome: {chromedriverVersion: 108.0.5359.71 (1e0e3868ee06..., userDataDir: C:\Users\kumbh\AppData\Loca...}, goog:chromeOptions: {debuggerAddress: localhost:62037}, javascriptEnabled: true, networkConnectionEnabled: false, pageLoadStrategy: normal, platform: WINDOWS, platformName: WINDOWS, proxy: Proxy(), se:cdp: ws://localhost:62037/devtoo..., se:cdpVersion: 108.0.5359.125, setWindowRect: true, strictFileInteractability: false, timeouts: {implicit: 0, pageLoad: 300000, script: 30000}, unhandledPromptBehavior: dismiss and notify, webauthn:extension:credBlob: true, webauthn:extension:largeBlob: true, webauthn:virtualAuthenticators: true}
Session ID: ffb0e6d372be03c0ca8ed3384e94a407
]]></failure>
  </testcase>
  <testcase name="runScenario[&quot;Add one quantity from Store&quot;, &quot;Optional[Add to cart]&quot;](3)" classname="awesomecucumber.runners.MyTestNGRunnerTest" time="4.03">
    <failure message="unknown error: net::ERR_NAME_NOT_RESOLVED&#10;  (Session info: chrome=108.0.5359.125)&#10;Build info: version: &apos;4.0.0-rc-2&apos;, revision: &apos;8d1e4aa5ae&apos;&#10;System info: host: &apos;DESKTOP-CLJO024&apos;, ip: &apos;192.168.1.7&apos;, os.name: &apos;Windows 11&apos;, os.arch: &apos;amd64&apos;, os.version: &apos;10.0&apos;, java.version: &apos;17.0.5&apos;&#10;Driver info: org.openqa.selenium.chrome.ChromeDriver&#10;Command: [14daee6b8d0d009b079be8f6245e1d8d, get {url=https://prod.askomdch.com/store}]&#10;Capabilities {acceptInsecureCerts: false, browserName: chrome, browserVersion: 108.0.5359.125, chrome: {chromedriverVersion: 108.0.5359.71 (1e0e3868ee06..., userDataDir: C:\Users\kumbh\AppData\Loca...}, goog:chromeOptions: {debuggerAddress: localhost:62034}, javascriptEnabled: true, networkConnectionEnabled: false, pageLoadStrategy: normal, platform: WINDOWS, platformName: WINDOWS, proxy: Proxy(), se:cdp: ws://localhost:62034/devtoo..., se:cdpVersion: 108.0.5359.125, setWindowRect: true, strictFileInteractability: false, timeouts: {implicit: 0, pageLoad: 300000, script: 30000}, unhandledPromptBehavior: dismiss and notify, webauthn:extension:credBlob: true, webauthn:extension:largeBlob: true, webauthn:virtualAuthenticators: true}&#10;Session ID: 14daee6b8d0d009b079be8f6245e1d8d" type="org.openqa.selenium.WebDriverException"><![CDATA[org.openqa.selenium.WebDriverException: 
unknown error: net::ERR_NAME_NOT_RESOLVED
  (Session info: chrome=108.0.5359.125)
Build info: version: '4.0.0-rc-2', revision: '8d1e4aa5ae'
System info: host: 'DESKTOP-CLJO024', ip: '192.168.1.7', os.name: 'Windows 11', os.arch: 'amd64', os.version: '10.0', java.version: '17.0.5'
Driver info: org.openqa.selenium.chrome.ChromeDriver
Command: [14daee6b8d0d009b079be8f6245e1d8d, get {url=https://prod.askomdch.com/store}]
Capabilities {acceptInsecureCerts: false, browserName: chrome, browserVersion: 108.0.5359.125, chrome: {chromedriverVersion: 108.0.5359.71 (1e0e3868ee06..., userDataDir: C:\Users\kumbh\AppData\Loca...}, goog:chromeOptions: {debuggerAddress: localhost:62034}, javascriptEnabled: true, networkConnectionEnabled: false, pageLoadStrategy: normal, platform: WINDOWS, platformName: WINDOWS, proxy: Proxy(), se:cdp: ws://localhost:62034/devtoo..., se:cdpVersion: 108.0.5359.125, setWindowRect: true, strictFileInteractability: false, timeouts: {implicit: 0, pageLoad: 300000, script: 30000}, unhandledPromptBehavior: dismiss and notify, webauthn:extension:credBlob: true, webauthn:extension:largeBlob: true, webauthn:virtualAuthenticators: true}
Session ID: 14daee6b8d0d009b079be8f6245e1d8d
]]></failure>
  </testcase>
</testsuite>